<?xml version="1.0" encoding="UTF-8"?>
<!-- Generated by org.testng.reporters.JUnitXMLReporter -->
<testsuite ignored="0" hostname="DESKTOP-20HT299" failures="0" tests="4" name="Test" time="89.689" errors="0" timestamp="2026-02-22T12:11:45 IST">
  <testcase classname="com.demo.tests.LoginTest" name="LinkValidation" time="0.034"/>
  <testcase classname="com.demo.tests.LoginTest" name="NodataLoginTest" time="1.215"/>
  <testcase classname="com.demo.tests.LoginTest" name="invalidLoginTest" time="1.77"/>
  <testcase classname="com.demo.tests.LoginTest" name="validLoginTest" time="1.362"/>
</testsuite> <!-- Test -->
