<?xml version="1.0" encoding="UTF-8"?>
<!-- Generated by org.testng.reporters.JUnitXMLReporter -->
<testsuite ignored="0" hostname="DESKTOP-20HT299" failures="0" tests="4" name="Test" time="71.451" errors="0" timestamp="2026-02-23T11:20:51 IST">
  <testcase classname="com.demo.tests.LoginTest" name="LinkValidation" time="0.148"/>
  <testcase classname="com.demo.tests.LoginTest" name="NodataLoginTest" time="1.018"/>
  <testcase classname="com.demo.tests.LoginTest" name="invalidLoginTest" time="1.218"/>
  <testcase classname="com.demo.tests.LoginTest" name="validLoginTest" time="0.993"/>
</testsuite> <!-- Test -->
