<?xml version="1.0" encoding="UTF-8"?>
<!-- Generated by org.testng.reporters.JUnitReportReporter -->
<testsuite hostname="DESKTOP-20HT299" failures="0" tests="4" name="com.demo.tests.LoginTest" time="71.298" errors="0" timestamp="2026-02-23T11:20:51 IST" skipped="0">
  <testcase classname="com.demo.tests.LoginTest" name="LinkValidation" time="24.901"/>
  <testcase classname="com.demo.tests.LoginTest" name="NodataLoginTest" time="14.566"/>
  <testcase classname="com.demo.tests.LoginTest" name="invalidLoginTest" time="15.869"/>
  <testcase classname="com.demo.tests.LoginTest" name="validLoginTest" time="15.962"/>
</testsuite> <!-- com.demo.tests.LoginTest -->
