<?xml version="1.0" encoding="UTF-8"?>
<!-- Generated by org.testng.reporters.JUnitReportReporter -->
<testsuite hostname="DESKTOP-20HT299" failures="0" tests="4" name="com.demo.tests.LoginTest" time="89.266" errors="0" timestamp="2026-02-22T12:11:45 IST" skipped="0">
  <testcase classname="com.demo.tests.LoginTest" name="NodataLoginTest" time="18.893"/>
  <testcase classname="com.demo.tests.LoginTest" name="validLoginTest" time="33.287"/>
  <testcase classname="com.demo.tests.LoginTest" name="LinkValidation" time="18.805"/>
  <testcase classname="com.demo.tests.LoginTest" name="invalidLoginTest" time="18.281"/>
</testsuite> <!-- com.demo.tests.LoginTest -->
