<?xml version="1.0" encoding="UTF-8"?>
<testng-results ignored="0" total="4" passed="4" failed="0" skipped="0">
  <reporter-output>
  </reporter-output>
  <suite started-at="2026-02-23T11:19:39 IST" name="Suite" finished-at="2026-02-23T11:20:51 IST" duration-ms="71451">
    <groups>
    </groups>
    <test started-at="2026-02-23T11:19:39 IST" name="Test" finished-at="2026-02-23T11:20:51 IST" duration-ms="71451">
      <class name="com.demo.tests.LoginTest">
        <test-method is-config="true" signature="setup()[pri:0, instance:com.demo.tests.LoginTest@1fa121e2]" started-at="2026-02-23T11:19:39 IST" name="setup" finished-at="2026-02-23T11:20:01 IST" duration-ms="21770" status="PASS">
          <reporter-output>
          </reporter-output>
        </test-method> <!-- setup -->
        <test-method signature="LinkValidation()[pri:0, instance:com.demo.tests.LoginTest@1fa121e2]" started-at="2026-02-23T11:20:01 IST" name="LinkValidation" finished-at="2026-02-23T11:20:01 IST" duration-ms="148" status="PASS">
          <reporter-output>
          </reporter-output>
        </test-method> <!-- LinkValidation -->
        <test-method is-config="true" signature="tearDown(org.testng.ITestResult)[pri:0, instance:com.demo.tests.LoginTest@1fa121e2]" started-at="2026-02-23T11:20:01 IST" name="tearDown" finished-at="2026-02-23T11:20:04 IST" duration-ms="2983" status="PASS">
          <params>
            <param index="0">
              <value>
                <![CDATA[[TestResult name=LinkValidation status=SUCCESS method=LoginTest.LinkValidation()[pri:0, instance:com.demo.tests.LoginTest@1fa121e2] output={null}]]]>
              </value>
            </param>
          </params>
          <reporter-output>
          </reporter-output>
        </test-method> <!-- tearDown -->
        <test-method is-config="true" signature="setup()[pri:0, instance:com.demo.tests.LoginTest@1fa121e2]" started-at="2026-02-23T11:20:04 IST" name="setup" finished-at="2026-02-23T11:20:16 IST" duration-ms="12122" status="PASS">
          <reporter-output>
          </reporter-output>
        </test-method> <!-- setup -->
        <test-method signature="NodataLoginTest()[pri:0, instance:com.demo.tests.LoginTest@1fa121e2]" started-at="2026-02-23T11:20:16 IST" name="NodataLoginTest" finished-at="2026-02-23T11:20:17 IST" duration-ms="1018" status="PASS">
          <reporter-output>
          </reporter-output>
        </test-method> <!-- NodataLoginTest -->
        <test-method is-config="true" signature="tearDown(org.testng.ITestResult)[pri:0, instance:com.demo.tests.LoginTest@1fa121e2]" started-at="2026-02-23T11:20:17 IST" name="tearDown" finished-at="2026-02-23T11:20:20 IST" duration-ms="2701" status="PASS">
          <params>
            <param index="0">
              <value>
                <![CDATA[[TestResult name=NodataLoginTest status=SUCCESS method=LoginTest.NodataLoginTest()[pri:0, instance:com.demo.tests.LoginTest@1fa121e2] output={null}]]]>
              </value>
            </param>
          </params>
          <reporter-output>
          </reporter-output>
        </test-method> <!-- tearDown -->
        <test-method is-config="true" signature="setup()[pri:0, instance:com.demo.tests.LoginTest@1fa121e2]" started-at="2026-02-23T11:20:20 IST" name="setup" finished-at="2026-02-23T11:20:32 IST" duration-ms="12324" status="PASS">
          <reporter-output>
          </reporter-output>
        </test-method> <!-- setup -->
        <test-method signature="invalidLoginTest()[pri:0, instance:com.demo.tests.LoginTest@1fa121e2]" started-at="2026-02-23T11:20:32 IST" name="invalidLoginTest" finished-at="2026-02-23T11:20:33 IST" duration-ms="1218" status="PASS">
          <reporter-output>
          </reporter-output>
        </test-method> <!-- invalidLoginTest -->
        <test-method is-config="true" signature="tearDown(org.testng.ITestResult)[pri:0, instance:com.demo.tests.LoginTest@1fa121e2]" started-at="2026-02-23T11:20:34 IST" name="tearDown" finished-at="2026-02-23T11:20:36 IST" duration-ms="2645" status="PASS">
          <params>
            <param index="0">
              <value>
                <![CDATA[[TestResult name=invalidLoginTest status=SUCCESS method=LoginTest.invalidLoginTest()[pri:0, instance:com.demo.tests.LoginTest@1fa121e2] output={null}]]]>
              </value>
            </param>
          </params>
          <reporter-output>
          </reporter-output>
        </test-method> <!-- tearDown -->
        <test-method is-config="true" signature="setup()[pri:0, instance:com.demo.tests.LoginTest@1fa121e2]" started-at="2026-02-23T11:20:36 IST" name="setup" finished-at="2026-02-23T11:20:47 IST" duration-ms="10847" status="PASS">
          <reporter-output>
          </reporter-output>
        </test-method> <!-- setup -->
        <test-method signature="validLoginTest()[pri:0, instance:com.demo.tests.LoginTest@1fa121e2]" started-at="2026-02-23T11:20:47 IST" name="validLoginTest" finished-at="2026-02-23T11:20:48 IST" duration-ms="993" status="PASS">
          <reporter-output>
          </reporter-output>
        </test-method> <!-- validLoginTest -->
        <test-method is-config="true" signature="tearDown(org.testng.ITestResult)[pri:0, instance:com.demo.tests.LoginTest@1fa121e2]" started-at="2026-02-23T11:20:48 IST" name="tearDown" finished-at="2026-02-23T11:20:51 IST" duration-ms="2529" status="PASS">
          <params>
            <param index="0">
              <value>
                <![CDATA[[TestResult name=validLoginTest status=SUCCESS method=LoginTest.validLoginTest()[pri:0, instance:com.demo.tests.LoginTest@1fa121e2] output={null}]]]>
              </value>
            </param>
          </params>
          <reporter-output>
          </reporter-output>
        </test-method> <!-- tearDown -->
      </class> <!-- com.demo.tests.LoginTest -->
    </test> <!-- Test -->
  </suite> <!-- Suite -->
</testng-results>
